2024-06-01 16:18:19,600 [background-preinit] INFO  o.h.validator.internal.util.Version                - HV000001: Hibernate Validator 6.2.0.Final
2024-06-01 16:18:19,599 [restartedMain] INFO  com.v.VCustomerApplication                         - Starting VCustomerApplication using Java 15 on DESKTOP-9C38UTU with PID 10224 (D:\V-Study\Workspaces\V-Workspace (Final Project)\V-Customer\target\classes started by thaku in D:\V-Study\Workspaces\V-Workspace (Final Project)\V-Customer)
2024-06-01 16:18:19,603 [restartedMain] INFO  com.v.VCustomerApplication                         - No active profile set, falling back to default profiles: default
2024-06-01 16:18:19,651 [restartedMain] INFO  o.s.b.d.e.DevToolsPropertyDefaultsPostProcessor    - Devtools property defaults active! Set 'spring.devtools.add-properties' to 'false' to disable
2024-06-01 16:18:19,652 [restartedMain] INFO  o.s.b.d.e.DevToolsPropertyDefaultsPostProcessor    - For additional web related logging consider setting the 'logging.level.web' property to 'DEBUG'
2024-06-01 16:18:20,584 [restartedMain] INFO  o.s.d.r.c.RepositoryConfigurationDelegate          - Bootstrapping Spring Data JPA repositories in DEFAULT mode.
2024-06-01 16:18:20,598 [restartedMain] INFO  o.s.d.r.c.RepositoryConfigurationDelegate          - Finished Spring Data repository scanning in 6 ms. Found 0 JPA repository interfaces.
2024-06-01 16:18:21,391 [restartedMain] INFO  o.s.b.w.embedded.tomcat.TomcatWebServer            - Tomcat initialized with port(s): 8001 (http)
2024-06-01 16:18:21,402 [restartedMain] INFO  o.apache.coyote.http11.Http11NioProtocol           - Initializing ProtocolHandler ["http-nio-8001"]
2024-06-01 16:18:21,402 [restartedMain] INFO  org.apache.catalina.core.StandardService           - Starting service [Tomcat]
2024-06-01 16:18:21,403 [restartedMain] INFO  org.apache.catalina.core.StandardEngine            - Starting Servlet engine: [Apache Tomcat/9.0.56]
2024-06-01 16:18:21,519 [restartedMain] INFO  o.a.c.c.C.[Tomcat].[localhost].[/]                 - Initializing Spring embedded WebApplicationContext
2024-06-01 16:18:21,519 [restartedMain] INFO  o.s.b.w.s.c.ServletWebServerApplicationContext     - Root WebApplicationContext: initialization completed in 1866 ms
2024-06-01 16:18:21,706 [restartedMain] INFO  o.hibernate.jpa.internal.util.LogHelper            - HHH000204: Processing PersistenceUnitInfo [name: default]
2024-06-01 16:18:21,758 [restartedMain] INFO  org.hibernate.Version                              - HHH000412: Hibernate ORM core version 5.6.10.Final
2024-06-01 16:18:21,898 [restartedMain] INFO  org.hibernate.annotations.common.Version           - HCANN000001: Hibernate Commons Annotations {5.1.2.Final}
2024-06-01 16:18:22,010 [restartedMain] INFO  com.zaxxer.hikari.HikariDataSource                 - HikariPool-1 - Starting...
2024-06-01 16:18:22,327 [restartedMain] INFO  com.zaxxer.hikari.HikariDataSource                 - HikariPool-1 - Start completed.
2024-06-01 16:18:22,347 [restartedMain] INFO  org.hibernate.dialect.Dialect                      - HHH000400: Using dialect: org.hibernate.dialect.SQLServerDialect
2024-06-01 16:18:23,262 [restartedMain] INFO  o.h.e.t.j.p.i.JtaPlatformInitiator                 - HHH000490: Using JtaPlatform implementation: [org.hibernate.engine.transaction.jta.platform.internal.NoJtaPlatform]
2024-06-01 16:18:23,271 [restartedMain] INFO  o.s.o.j.LocalContainerEntityManagerFactoryBean     - Initialized JPA EntityManagerFactory for persistence unit 'default'
2024-06-01 16:18:23,513 [restartedMain] WARN  o.s.b.a.o.j.JpaBaseConfiguration$JpaWebConfiguration - spring.jpa.open-in-view is enabled by default. Therefore, database queries may be performed during view rendering. Explicitly configure spring.jpa.open-in-view to disable this warning
2024-06-01 16:18:23,793 [restartedMain] INFO  o.s.b.d.a.OptionalLiveReloadServer                 - LiveReload server is running on port 35729
2024-06-01 16:18:23,989 [restartedMain] INFO  o.apache.coyote.http11.Http11NioProtocol           - Starting ProtocolHandler ["http-nio-8001"]
2024-06-01 16:18:24,013 [restartedMain] INFO  o.s.b.w.embedded.tomcat.TomcatWebServer            - Tomcat started on port(s): 8001 (http) with context path ''
2024-06-01 16:18:24,279 [restartedMain] INFO  com.v.VCustomerApplication                         - Started VCustomerApplication in 5.058 seconds (JVM running for 6.216)
2024-06-01 16:18:36,942 [http-nio-8001-exec-1] INFO  o.a.c.c.C.[Tomcat].[localhost].[/]                 - Initializing Spring DispatcherServlet 'dispatcherServlet'
2024-06-01 16:18:36,942 [http-nio-8001-exec-1] INFO  o.s.web.servlet.DispatcherServlet                  - Initializing Servlet 'dispatcherServlet'
2024-06-01 16:18:36,944 [http-nio-8001-exec-1] INFO  o.s.web.servlet.DispatcherServlet                  - Completed initialization in 1 ms
2024-06-01 16:18:37,245 [http-nio-8001-exec-1] INFO  com.v.controller.CustomerController                - Inside Create Customer Class
2024-06-01 16:18:59,353 [RMI TCP Connection(2)-127.0.0.1] INFO  o.s.b.a.SpringApplicationAdminMXBeanRegistrar$SpringApplicationAdmin - Application shutdown requested.
2024-06-01 16:18:59,382 [RMI TCP Connection(2)-127.0.0.1] INFO  o.s.o.j.LocalContainerEntityManagerFactoryBean     - Closing JPA EntityManagerFactory for persistence unit 'default'
2024-06-01 16:18:59,385 [RMI TCP Connection(2)-127.0.0.1] INFO  com.zaxxer.hikari.HikariDataSource                 - HikariPool-1 - Shutdown initiated...
2024-06-01 16:18:59,388 [RMI TCP Connection(2)-127.0.0.1] INFO  com.zaxxer.hikari.HikariDataSource                 - HikariPool-1 - Shutdown completed.
